<?xml version="1.0" encoding="UTF-8"?>
<testsuite name="Homjob" tests="1" skipped="0" failures="0" errors="0" timestamp="2023-05-01T20:52:14" hostname="WIN-SFRROENUHDE" time="6.368">
  <properties/>
  <testcase name="SuccessFullFormTest()" classname="Homjob" time="6.368"/>
  <system-out><![CDATA[]]></system-out>
  <system-err><![CDATA[SLF4J: No SLF4J providers were found.
SLF4J: Defaulting to no-operation (NOP) logger implementation
SLF4J: See https://www.slf4j.org/codes.html#noProviders for further details.
Starting ChromeDriver 112.0.5615.49 (bd2a7bcb881c11e8cfe3078709382934e3916914-refs/branch-heads/5615@{#936}) on port 43803
Only local connections are allowed.
Please see https://chromedriver.chromium.org/security-considerations for suggestions on keeping ChromeDriver safe.
ChromeDriver was started successfully.
мая 01, 2023 11:52:17 PM org.openqa.selenium.devtools.CdpVersionFinder findNearestMatch
WARNING: Unable to find an exact match for CDP version 112, so returning the closest version found: 110
]]></system-err>
</testsuite>
